2024-03-01T23:06:57:INFO: { "OS": "macOS", "video_adapter_driver_info": [], "screen_size": (2880, 1800), "screen_dpi": 256, "screen_scale": 2, "cores": 8, "locale": "en_US" }
2024-03-01T23:06:57:INFO: [step_commands: 0]
Godot Engine v4.2.stable.official (c) 2007-present Juan Linietsky, Ariel Manzur & Godot Contributors.
--- Debug adapter server started ---
--- GDScript language server started on port 6005 ---

2024-03-01T23:07:15:INFO: [step_commands: 1]
Godot Engine v4.2.stable.official (c) 2007-present Juan Linietsky, Ariel Manzur & Godot Contributors.
--- Debug adapter server started ---
--- GDScript language server started on port 6005 ---
  scene/gui/control.cpp:1440 - Nodes with non-equal opposite anchors will have their size overridden after _ready(). 
  If you want to set size, change the anchors or consider using set_deferred().

2024-03-01T23:08:53:INFO: [step_commands: 2]
Godot Engine v4.2.stable.official.46dc27791 - https://godotengine.org
OpenGL API OpenGL ES 3.0.0 (ANGLE 2.1.21969 git hash: 9528449a8930) - Compatibility - Using Device: Google Inc. (Apple) - ANGLE (Apple, ANGLE Metal Renderer: Apple M1, Version 13.5.1 (Build 22G90))
 
--- Debugging process stopped ---

2024-03-01T23:08:56:INFO: [step_commands: 3]
Godot Engine v4.2.stable.official.46dc27791 - https://godotengine.org
OpenGL API OpenGL ES 3.0.0 (ANGLE 2.1.21969 git hash: 9528449a8930) - Compatibility - Using Device: Google Inc. (Apple) - ANGLE (Apple, ANGLE Metal Renderer: Apple M1, Version 13.5.1 (Build 22G90))
 
--- Debugging process stopped ---
  scene/gui/control.cpp:1440 - Nodes with non-equal opposite anchors will have their size overridden after _ready(). 
  If you want to set size, change the anchors or consider using set_deferred().

2024-03-01T23:08:59:INFO: [step_commands: 4]
Godot Engine v4.2.stable.official.46dc27791 - https://godotengine.org
OpenGL API OpenGL ES 3.0.0 (ANGLE 2.1.21969 git hash: 9528449a8930) - Compatibility - Using Device: Google Inc. (Apple) - ANGLE (Apple, ANGLE Metal Renderer: Apple M1, Version 13.5.1 (Build 22G90))
 
--- Debugging process stopped ---
  scene/gui/control.cpp:1440 - Nodes with non-equal opposite anchors will have their size overridden after _ready(). 
  If you want to set size, change the anchors or consider using set_deferred().
  scene/gui/control.cpp:1440 - Nodes with non-equal opposite anchors will have their size overridden after _ready(). 
  If you want to set size, change the anchors or consider using set_deferred().

2024-03-01T23:09:01:INFO: [step_commands: 5]
Godot Engine v4.2.stable.official.46dc27791 - https://godotengine.org
OpenGL API OpenGL ES 3.0.0 (ANGLE 2.1.21969 git hash: 9528449a8930) - Compatibility - Using Device: Google Inc. (Apple) - ANGLE (Apple, ANGLE Metal Renderer: Apple M1, Version 13.5.1 (Build 22G90))
 
--- Debugging process stopped ---
  scene/gui/control.cpp:1440 - Nodes with non-equal opposite anchors will have their size overridden after _ready(). 
  If you want to set size, change the anchors or consider using set_deferred().
  scene/gui/control.cpp:1440 - Nodes with non-equal opposite anchors will have their size overridden after _ready(). 
  If you want to set size, change the anchors or consider using set_deferred().
  scene/gui/control.cpp:1440 - Nodes with non-equal opposite anchors will have their size overridden after _ready(). 
  If you want to set size, change the anchors or consider using set_deferred().

2024-03-01T23:09:03:INFO: [step_commands: 6]
Godot Engine v4.2.stable.official.46dc27791 - https://godotengine.org
OpenGL API OpenGL ES 3.0.0 (ANGLE 2.1.21969 git hash: 9528449a8930) - Compatibility - Using Device: Google Inc. (Apple) - ANGLE (Apple, ANGLE Metal Renderer: Apple M1, Version 13.5.1 (Build 22G90))
 
--- Debugging process stopped ---
  scene/gui/control.cpp:1440 - Nodes with non-equal opposite anchors will have their size overridden after _ready(). 
  If you want to set size, change the anchors or consider using set_deferred().
  scene/gui/control.cpp:1440 - Nodes with non-equal opposite anchors will have their size overridden after _ready(). 
  If you want to set size, change the anchors or consider using set_deferred().
  scene/gui/control.cpp:1440 - Nodes with non-equal opposite anchors will have their size overridden after _ready(). 
  If you want to set size, change the anchors or consider using set_deferred().
  scene/gui/control.cpp:1440 - Nodes with non-equal opposite anchors will have their size overridden after _ready(). 
  If you want to set size, change the anchors or consider using set_deferred().

2024-03-01T23:09:05:INFO: [step_commands: 7]
Godot Engine v4.2.stable.official.46dc27791 - https://godotengine.org
OpenGL API OpenGL ES 3.0.0 (ANGLE 2.1.21969 git hash: 9528449a8930) - Compatibility - Using Device: Google Inc. (Apple) - ANGLE (Apple, ANGLE Metal Renderer: Apple M1, Version 13.5.1 (Build 22G90))
 
--- Debugging process stopped ---
  scene/gui/control.cpp:1440 - Nodes with non-equal opposite anchors will have their size overridden after _ready(). 
  If you want to set size, change the anchors or consider using set_deferred().
  scene/gui/control.cpp:1440 - Nodes with non-equal opposite anchors will have their size overridden after _ready(). 
  If you want to set size, change the anchors or consider using set_deferred().
  scene/gui/control.cpp:1440 - Nodes with non-equal opposite anchors will have their size overridden after _ready(). 
  If you want to set size, change the anchors or consider using set_deferred().
  scene/gui/control.cpp:1440 - Nodes with non-equal opposite anchors will have their size overridden after _ready(). 
  If you want to set size, change the anchors or consider using set_deferred().
  scene/gui/control.cpp:1440 - Nodes with non-equal opposite anchors will have their size overridden after _ready(). 
  If you want to set size, change the anchors or consider using set_deferred().

2024-03-01T23:09:06:INFO: [step_commands: 8]
Godot Engine v4.2.stable.official.46dc27791 - https://godotengine.org
OpenGL API OpenGL ES 3.0.0 (ANGLE 2.1.21969 git hash: 9528449a8930) - Compatibility - Using Device: Google Inc. (Apple) - ANGLE (Apple, ANGLE Metal Renderer: Apple M1, Version 13.5.1 (Build 22G90))
 
--- Debugging process stopped ---
  scene/gui/control.cpp:1440 - Nodes with non-equal opposite anchors will have their size overridden after _ready(). 
  If you want to set size, change the anchors or consider using set_deferred().
  scene/gui/control.cpp:1440 - Nodes with non-equal opposite anchors will have their size overridden after _ready(). 
  If you want to set size, change the anchors or consider using set_deferred().
  scene/gui/control.cpp:1440 - Nodes with non-equal opposite anchors will have their size overridden after _ready(). 
  If you want to set size, change the anchors or consider using set_deferred().
  scene/gui/control.cpp:1440 - Nodes with non-equal opposite anchors will have their size overridden after _ready(). 
  If you want to set size, change the anchors or consider using set_deferred().
  scene/gui/control.cpp:1440 - Nodes with non-equal opposite anchors will have their size overridden after _ready(). 
  If you want to set size, change the anchors or consider using set_deferred().
  scene/gui/control.cpp:1440 - Nodes with non-equal opposite anchors will have their size overridden after _ready(). 
  If you want to set size, change the anchors or consider using set_deferred().

2024-03-01T23:09:07:INFO: [step_commands: 9]
Godot Engine v4.2.stable.official.46dc27791 - https://godotengine.org
OpenGL API OpenGL ES 3.0.0 (ANGLE 2.1.21969 git hash: 9528449a8930) - Compatibility - Using Device: Google Inc. (Apple) - ANGLE (Apple, ANGLE Metal Renderer: Apple M1, Version 13.5.1 (Build 22G90))
 
--- Debugging process stopped ---
  scene/gui/control.cpp:1440 - Nodes with non-equal opposite anchors will have their size overridden after _ready(). 
  If you want to set size, change the anchors or consider using set_deferred().
  scene/gui/control.cpp:1440 - Nodes with non-equal opposite anchors will have their size overridden after _ready(). 
  If you want to set size, change the anchors or consider using set_deferred().
  scene/gui/control.cpp:1440 - Nodes with non-equal opposite anchors will have their size overridden after _ready(). 
  If you want to set size, change the anchors or consider using set_deferred().
  scene/gui/control.cpp:1440 - Nodes with non-equal opposite anchors will have their size overridden after _ready(). 
  If you want to set size, change the anchors or consider using set_deferred().
  scene/gui/control.cpp:1440 - Nodes with non-equal opposite anchors will have their size overridden after _ready(). 
  If you want to set size, change the anchors or consider using set_deferred().
  scene/gui/control.cpp:1440 - Nodes with non-equal opposite anchors will have their size overridden after _ready(). 
  If you want to set size, change the anchors or consider using set_deferred().
  scene/gui/control.cpp:1440 - Nodes with non-equal opposite anchors will have their size overridden after _ready(). 
  If you want to set size, change the anchors or consider using set_deferred().

2024-03-01T23:09:09:INFO: [step_commands: 10]
Godot Engine v4.2.stable.official.46dc27791 - https://godotengine.org
OpenGL API OpenGL ES 3.0.0 (ANGLE 2.1.21969 git hash: 9528449a8930) - Compatibility - Using Device: Google Inc. (Apple) - ANGLE (Apple, ANGLE Metal Renderer: Apple M1, Version 13.5.1 (Build 22G90))
 
--- Debugging process stopped ---
  scene/gui/control.cpp:1440 - Nodes with non-equal opposite anchors will have their size overridden after _ready(). 
  If you want to set size, change the anchors or consider using set_deferred().
  scene/gui/control.cpp:1440 - Nodes with non-equal opposite anchors will have their size overridden after _ready(). 
  If you want to set size, change the anchors or consider using set_deferred().
  scene/gui/control.cpp:1440 - Nodes with non-equal opposite anchors will have their size overridden after _ready(). 
  If you want to set size, change the anchors or consider using set_deferred().
  scene/gui/control.cpp:1440 - Nodes with non-equal opposite anchors will have their size overridden after _ready(). 
  If you want to set size, change the anchors or consider using set_deferred().
  scene/gui/control.cpp:1440 - Nodes with non-equal opposite anchors will have their size overridden after _ready(). 
  If you want to set size, change the anchors or consider using set_deferred().
  scene/gui/control.cpp:1440 - Nodes with non-equal opposite anchors will have their size overridden after _ready(). 
  If you want to set size, change the anchors or consider using set_deferred().
  scene/gui/control.cpp:1440 - Nodes with non-equal opposite anchors will have their size overridden after _ready(). 
  If you want to set size, change the anchors or consider using set_deferred().
  scene/gui/control.cpp:1440 - Nodes with non-equal opposite anchors will have their size overridden after _ready(). 
  If you want to set size, change the anchors or consider using set_deferred().

2024-03-01T23:09:10:INFO: [step_commands: 11]
Godot Engine v4.2.stable.official.46dc27791 - https://godotengine.org
OpenGL API OpenGL ES 3.0.0 (ANGLE 2.1.21969 git hash: 9528449a8930) - Compatibility - Using Device: Google Inc. (Apple) - ANGLE (Apple, ANGLE Metal Renderer: Apple M1, Version 13.5.1 (Build 22G90))
 
--- Debugging process stopped ---
  scene/gui/control.cpp:1440 - Nodes with non-equal opposite anchors will have their size overridden after _ready(). 
  If you want to set size, change the anchors or consider using set_deferred().
  scene/gui/control.cpp:1440 - Nodes with non-equal opposite anchors will have their size overridden after _ready(). 
  If you want to set size, change the anchors or consider using set_deferred().
  scene/gui/control.cpp:1440 - Nodes with non-equal opposite anchors will have their size overridden after _ready(). 
  If you want to set size, change the anchors or consider using set_deferred().
  scene/gui/control.cpp:1440 - Nodes with non-equal opposite anchors will have their size overridden after _ready(). 
  If you want to set size, change the anchors or consider using set_deferred().
  scene/gui/control.cpp:1440 - Nodes with non-equal opposite anchors will have their size overridden after _ready(). 
  If you want to set size, change the anchors or consider using set_deferred().
  scene/gui/control.cpp:1440 - Nodes with non-equal opposite anchors will have their size overridden after _ready(). 
  If you want to set size, change the anchors or consider using set_deferred().
  scene/gui/control.cpp:1440 - Nodes with non-equal opposite anchors will have their size overridden after _ready(). 
  If you want to set size, change the anchors or consider using set_deferred().
  scene/gui/control.cpp:1440 - Nodes with non-equal opposite anchors will have their size overridden after _ready(). 
  If you want to set size, change the anchors or consider using set_deferred().
  scene/gui/control.cpp:1440 - Nodes with non-equal opposite anchors will have their size overridden after _ready(). 
  If you want to set size, change the anchors or consider using set_deferred().

2024-03-01T23:09:12:INFO: [step_commands: 12]
Godot Engine v4.2.stable.official.46dc27791 - https://godotengine.org
OpenGL API OpenGL ES 3.0.0 (ANGLE 2.1.21969 git hash: 9528449a8930) - Compatibility - Using Device: Google Inc. (Apple) - ANGLE (Apple, ANGLE Metal Renderer: Apple M1, Version 13.5.1 (Build 22G90))
 
--- Debugging process stopped ---
  scene/gui/control.cpp:1440 - Nodes with non-equal opposite anchors will have their size overridden after _ready(). 
  If you want to set size, change the anchors or consider using set_deferred().
  scene/gui/control.cpp:1440 - Nodes with non-equal opposite anchors will have their size overridden after _ready(). 
  If you want to set size, change the anchors or consider using set_deferred().
  scene/gui/control.cpp:1440 - Nodes with non-equal opposite anchors will have their size overridden after _ready(). 
  If you want to set size, change the anchors or consider using set_deferred().
  scene/gui/control.cpp:1440 - Nodes with non-equal opposite anchors will have their size overridden after _ready(). 
  If you want to set size, change the anchors or consider using set_deferred().
  scene/gui/control.cpp:1440 - Nodes with non-equal opposite anchors will have their size overridden after _ready(). 
  If you want to set size, change the anchors or consider using set_deferred().
  scene/gui/control.cpp:1440 - Nodes with non-equal opposite anchors will have their size overridden after _ready(). 
  If you want to set size, change the anchors or consider using set_deferred().
  scene/gui/control.cpp:1440 - Nodes with non-equal opposite anchors will have their size overridden after _ready(). 
  If you want to set size, change the anchors or consider using set_deferred().
  scene/gui/control.cpp:1440 - Nodes with non-equal opposite anchors will have their size overridden after _ready(). 
  If you want to set size, change the anchors or consider using set_deferred().
  scene/gui/control.cpp:1440 - Nodes with non-equal opposite anchors will have their size overridden after _ready(). 
  If you want to set size, change the anchors or consider using set_deferred().
  scene/gui/control.cpp:1440 - Nodes with non-equal opposite anchors will have their size overridden after _ready(). 
  If you want to set size, change the anchors or consider using set_deferred().

2024-03-01T23:09:13:INFO: [step_commands: 13]
Godot Engine v4.2.stable.official.46dc27791 - https://godotengine.org
OpenGL API OpenGL ES 3.0.0 (ANGLE 2.1.21969 git hash: 9528449a8930) - Compatibility - Using Device: Google Inc. (Apple) - ANGLE (Apple, ANGLE Metal Renderer: Apple M1, Version 13.5.1 (Build 22G90))
 
--- Debugging process stopped ---
  scene/gui/control.cpp:1440 - Nodes with non-equal opposite anchors will have their size overridden after _ready(). 
  If you want to set size, change the anchors or consider using set_deferred().
  scene/gui/control.cpp:1440 - Nodes with non-equal opposite anchors will have their size overridden after _ready(). 
  If you want to set size, change the anchors or consider using set_deferred().
  scene/gui/control.cpp:1440 - Nodes with non-equal opposite anchors will have their size overridden after _ready(). 
  If you want to set size, change the anchors or consider using set_deferred().
  scene/gui/control.cpp:1440 - Nodes with non-equal opposite anchors will have their size overridden after _ready(). 
  If you want to set size, change the anchors or consider using set_deferred().
  scene/gui/control.cpp:1440 - Nodes with non-equal opposite anchors will have their size overridden after _ready(). 
  If you want to set size, change the anchors or consider using set_deferred().
  scene/gui/control.cpp:1440 - Nodes with non-equal opposite anchors will have their size overridden after _ready(). 
  If you want to set size, change the anchors or consider using set_deferred().
  scene/gui/control.cpp:1440 - Nodes with non-equal opposite anchors will have their size overridden after _ready(). 
  If you want to set size, change the anchors or consider using set_deferred().
  scene/gui/control.cpp:1440 - Nodes with non-equal opposite anchors will have their size overridden after _ready(). 
  If you want to set size, change the anchors or consider using set_deferred().
  scene/gui/control.cpp:1440 - Nodes with non-equal opposite anchors will have their size overridden after _ready(). 
  If you want to set size, change the anchors or consider using set_deferred().
  scene/gui/control.cpp:1440 - Nodes with non-equal opposite anchors will have their size overridden after _ready(). 
  If you want to set size, change the anchors or consider using set_deferred().
  scene/gui/control.cpp:1440 - Nodes with non-equal opposite anchors will have their size overridden after _ready(). 
  If you want to set size, change the anchors or consider using set_deferred().

2024-03-01T23:09:15:INFO: [step_commands: 14]
Godot Engine v4.2.stable.official.46dc27791 - https://godotengine.org
OpenGL API OpenGL ES 3.0.0 (ANGLE 2.1.21969 git hash: 9528449a8930) - Compatibility - Using Device: Google Inc. (Apple) - ANGLE (Apple, ANGLE Metal Renderer: Apple M1, Version 13.5.1 (Build 22G90))
 
--- Debugging process stopped ---
  scene/gui/control.cpp:1440 - Nodes with non-equal opposite anchors will have their size overridden after _ready(). 
  If you want to set size, change the anchors or consider using set_deferred().
  scene/gui/control.cpp:1440 - Nodes with non-equal opposite anchors will have their size overridden after _ready(). 
  If you want to set size, change the anchors or consider using set_deferred().
  scene/gui/control.cpp:1440 - Nodes with non-equal opposite anchors will have their size overridden after _ready(). 
  If you want to set size, change the anchors or consider using set_deferred().
  scene/gui/control.cpp:1440 - Nodes with non-equal opposite anchors will have their size overridden after _ready(). 
  If you want to set size, change the anchors or consider using set_deferred().
  scene/gui/control.cpp:1440 - Nodes with non-equal opposite anchors will have their size overridden after _ready(). 
  If you want to set size, change the anchors or consider using set_deferred().
  scene/gui/control.cpp:1440 - Nodes with non-equal opposite anchors will have their size overridden after _ready(). 
  If you want to set size, change the anchors or consider using set_deferred().
  scene/gui/control.cpp:1440 - Nodes with non-equal opposite anchors will have their size overridden after _ready(). 
  If you want to set size, change the anchors or consider using set_deferred().
  scene/gui/control.cpp:1440 - Nodes with non-equal opposite anchors will have their size overridden after _ready(). 
  If you want to set size, change the anchors or consider using set_deferred().
  scene/gui/control.cpp:1440 - Nodes with non-equal opposite anchors will have their size overridden after _ready(). 
  If you want to set size, change the anchors or consider using set_deferred().
  scene/gui/control.cpp:1440 - Nodes with non-equal opposite anchors will have their size overridden after _ready(). 
  If you want to set size, change the anchors or consider using set_deferred().
  scene/gui/control.cpp:1440 - Nodes with non-equal opposite anchors will have their size overridden after _ready(). 
  If you want to set size, change the anchors or consider using set_deferred().
  scene/gui/control.cpp:1440 - Nodes with non-equal opposite anchors will have their size overridden after _ready(). 
  If you want to set size, change the anchors or consider using set_deferred().

2024-03-01T23:09:51:INFO: [step_commands: 15]
Godot Engine v4.2.stable.official.46dc27791 - https://godotengine.org
OpenGL API OpenGL ES 3.0.0 (ANGLE 2.1.21969 git hash: 9528449a8930) - Compatibility - Using Device: Google Inc. (Apple) - ANGLE (Apple, ANGLE Metal Renderer: Apple M1, Version 13.5.1 (Build 22G90))
 
--- Debugging process stopped ---
  scene/gui/control.cpp:1440 - Nodes with non-equal opposite anchors will have their size overridden after _ready(). 
  If you want to set size, change the anchors or consider using set_deferred().
  scene/gui/control.cpp:1440 - Nodes with non-equal opposite anchors will have their size overridden after _ready(). 
  If you want to set size, change the anchors or consider using set_deferred().
  scene/gui/control.cpp:1440 - Nodes with non-equal opposite anchors will have their size overridden after _ready(). 
  If you want to set size, change the anchors or consider using set_deferred().
  scene/gui/control.cpp:1440 - Nodes with non-equal opposite anchors will have their size overridden after _ready(). 
  If you want to set size, change the anchors or consider using set_deferred().
  scene/gui/control.cpp:1440 - Nodes with non-equal opposite anchors will have their size overridden after _ready(). 
  If you want to set size, change the anchors or consider using set_deferred().
  scene/gui/control.cpp:1440 - Nodes with non-equal opposite anchors will have their size overridden after _ready(). 
  If you want to set size, change the anchors or consider using set_deferred().
  scene/gui/control.cpp:1440 - Nodes with non-equal opposite anchors will have their size overridden after _ready(). 
  If you want to set size, change the anchors or consider using set_deferred().
  scene/gui/control.cpp:1440 - Nodes with non-equal opposite anchors will have their size overridden after _ready(). 
  If you want to set size, change the anchors or consider using set_deferred().
  scene/gui/control.cpp:1440 - Nodes with non-equal opposite anchors will have their size overridden after _ready(). 
  If you want to set size, change the anchors or consider using set_deferred().
  scene/gui/control.cpp:1440 - Nodes with non-equal opposite anchors will have their size overridden after _ready(). 
  If you want to set size, change the anchors or consider using set_deferred().
  scene/gui/control.cpp:1440 - Nodes with non-equal opposite anchors will have their size overridden after _ready(). 
  If you want to set size, change the anchors or consider using set_deferred().
  scene/gui/control.cpp:1440 - Nodes with non-equal opposite anchors will have their size overridden after _ready(). 
  If you want to set size, change the anchors or consider using set_deferred().
  scene/gui/control.cpp:1440 - Nodes with non-equal opposite anchors will have their size overridden after _ready(). 
  If you want to set size, change the anchors or consider using set_deferred().
Toggle Visible

2024-03-01T23:09:53:INFO: [step_commands: 16]
Godot Engine v4.2.stable.official.46dc27791 - https://godotengine.org
OpenGL API OpenGL ES 3.0.0 (ANGLE 2.1.21969 git hash: 9528449a8930) - Compatibility - Using Device: Google Inc. (Apple) - ANGLE (Apple, ANGLE Metal Renderer: Apple M1, Version 13.5.1 (Build 22G90))
 
--- Debugging process stopped ---
  scene/gui/control.cpp:1440 - Nodes with non-equal opposite anchors will have their size overridden after _ready(). 
  If you want to set size, change the anchors or consider using set_deferred().
  scene/gui/control.cpp:1440 - Nodes with non-equal opposite anchors will have their size overridden after _ready(). 
  If you want to set size, change the anchors or consider using set_deferred().
  scene/gui/control.cpp:1440 - Nodes with non-equal opposite anchors will have their size overridden after _ready(). 
  If you want to set size, change the anchors or consider using set_deferred().
  scene/gui/control.cpp:1440 - Nodes with non-equal opposite anchors will have their size overridden after _ready(). 
  If you want to set size, change the anchors or consider using set_deferred().
  scene/gui/control.cpp:1440 - Nodes with non-equal opposite anchors will have their size overridden after _ready(). 
  If you want to set size, change the anchors or consider using set_deferred().
  scene/gui/control.cpp:1440 - Nodes with non-equal opposite anchors will have their size overridden after _ready(). 
  If you want to set size, change the anchors or consider using set_deferred().
  scene/gui/control.cpp:1440 - Nodes with non-equal opposite anchors will have their size overridden after _ready(). 
  If you want to set size, change the anchors or consider using set_deferred().
  scene/gui/control.cpp:1440 - Nodes with non-equal opposite anchors will have their size overridden after _ready(). 
  If you want to set size, change the anchors or consider using set_deferred().
  scene/gui/control.cpp:1440 - Nodes with non-equal opposite anchors will have their size overridden after _ready(). 
  If you want to set size, change the anchors or consider using set_deferred().
  scene/gui/control.cpp:1440 - Nodes with non-equal opposite anchors will have their size overridden after _ready(). 
  If you want to set size, change the anchors or consider using set_deferred().
  scene/gui/control.cpp:1440 - Nodes with non-equal opposite anchors will have their size overridden after _ready(). 
  If you want to set size, change the anchors or consider using set_deferred().
  scene/gui/control.cpp:1440 - Nodes with non-equal opposite anchors will have their size overridden after _ready(). 
  If you want to set size, change the anchors or consider using set_deferred().
  scene/gui/control.cpp:1440 - Nodes with non-equal opposite anchors will have their size overridden after _ready(). 
  If you want to set size, change the anchors or consider using set_deferred().
Toggle Visible
  scene/gui/control.cpp:1440 - Nodes with non-equal opposite anchors will have their size overridden after _ready(). 
  If you want to set size, change the anchors or consider using set_deferred().

2024-03-01T23:09:54:INFO: [step_commands: 17]
Godot Engine v4.2.stable.official.46dc27791 - https://godotengine.org
OpenGL API OpenGL ES 3.0.0 (ANGLE 2.1.21969 git hash: 9528449a8930) - Compatibility - Using Device: Google Inc. (Apple) - ANGLE (Apple, ANGLE Metal Renderer: Apple M1, Version 13.5.1 (Build 22G90))
 
--- Debugging process stopped ---
  scene/gui/control.cpp:1440 - Nodes with non-equal opposite anchors will have their size overridden after _ready(). 
  If you want to set size, change the anchors or consider using set_deferred().
  scene/gui/control.cpp:1440 - Nodes with non-equal opposite anchors will have their size overridden after _ready(). 
  If you want to set size, change the anchors or consider using set_deferred().
  scene/gui/control.cpp:1440 - Nodes with non-equal opposite anchors will have their size overridden after _ready(). 
  If you want to set size, change the anchors or consider using set_deferred().
  scene/gui/control.cpp:1440 - Nodes with non-equal opposite anchors will have their size overridden after _ready(). 
  If you want to set size, change the anchors or consider using set_deferred().
  scene/gui/control.cpp:1440 - Nodes with non-equal opposite anchors will have their size overridden after _ready(). 
  If you want to set size, change the anchors or consider using set_deferred().
  scene/gui/control.cpp:1440 - Nodes with non-equal opposite anchors will have their size overridden after _ready(). 
  If you want to set size, change the anchors or consider using set_deferred().
  scene/gui/control.cpp:1440 - Nodes with non-equal opposite anchors will have their size overridden after _ready(). 
  If you want to set size, change the anchors or consider using set_deferred().
  scene/gui/control.cpp:1440 - Nodes with non-equal opposite anchors will have their size overridden after _ready(). 
  If you want to set size, change the anchors or consider using set_deferred().
  scene/gui/control.cpp:1440 - Nodes with non-equal opposite anchors will have their size overridden after _ready(). 
  If you want to set size, change the anchors or consider using set_deferred().
  scene/gui/control.cpp:1440 - Nodes with non-equal opposite anchors will have their size overridden after _ready(). 
  If you want to set size, change the anchors or consider using set_deferred().
  scene/gui/control.cpp:1440 - Nodes with non-equal opposite anchors will have their size overridden after _ready(). 
  If you want to set size, change the anchors or consider using set_deferred().
  scene/gui/control.cpp:1440 - Nodes with non-equal opposite anchors will have their size overridden after _ready(). 
  If you want to set size, change the anchors or consider using set_deferred().
  scene/gui/control.cpp:1440 - Nodes with non-equal opposite anchors will have their size overridden after _ready(). 
  If you want to set size, change the anchors or consider using set_deferred().
Toggle Visible
  scene/gui/control.cpp:1440 - Nodes with non-equal opposite anchors will have their size overridden after _ready(). 
  If you want to set size, change the anchors or consider using set_deferred().
  scene/gui/control.cpp:1440 - Nodes with non-equal opposite anchors will have their size overridden after _ready(). 
  If you want to set size, change the anchors or consider using set_deferred().

2024-03-01T23:10:01:INFO: [step_commands: 18]
Godot Engine v4.2.stable.official.46dc27791 - https://godotengine.org
OpenGL API OpenGL ES 3.0.0 (ANGLE 2.1.21969 git hash: 9528449a8930) - Compatibility - Using Device: Google Inc. (Apple) - ANGLE (Apple, ANGLE Metal Renderer: Apple M1, Version 13.5.1 (Build 22G90))
 
--- Debugging process stopped ---
  scene/gui/control.cpp:1440 - Nodes with non-equal opposite anchors will have their size overridden after _ready(). 
  If you want to set size, change the anchors or consider using set_deferred().
  scene/gui/control.cpp:1440 - Nodes with non-equal opposite anchors will have their size overridden after _ready(). 
  If you want to set size, change the anchors or consider using set_deferred().
  scene/gui/control.cpp:1440 - Nodes with non-equal opposite anchors will have their size overridden after _ready(). 
  If you want to set size, change the anchors or consider using set_deferred().
  scene/gui/control.cpp:1440 - Nodes with non-equal opposite anchors will have their size overridden after _ready(). 
  If you want to set size, change the anchors or consider using set_deferred().
  scene/gui/control.cpp:1440 - Nodes with non-equal opposite anchors will have their size overridden after _ready(). 
  If you want to set size, change the anchors or consider using set_deferred().
  scene/gui/control.cpp:1440 - Nodes with non-equal opposite anchors will have their size overridden after _ready(). 
  If you want to set size, change the anchors or consider using set_deferred().
  scene/gui/control.cpp:1440 - Nodes with non-equal opposite anchors will have their size overridden after _ready(). 
  If you want to set size, change the anchors or consider using set_deferred().
  scene/gui/control.cpp:1440 - Nodes with non-equal opposite anchors will have their size overridden after _ready(). 
  If you want to set size, change the anchors or consider using set_deferred().
  scene/gui/control.cpp:1440 - Nodes with non-equal opposite anchors will have their size overridden after _ready(). 
  If you want to set size, change the anchors or consider using set_deferred().
  scene/gui/control.cpp:1440 - Nodes with non-equal opposite anchors will have their size overridden after _ready(). 
  If you want to set size, change the anchors or consider using set_deferred().
  scene/gui/control.cpp:1440 - Nodes with non-equal opposite anchors will have their size overridden after _ready(). 
  If you want to set size, change the anchors or consider using set_deferred().
  scene/gui/control.cpp:1440 - Nodes with non-equal opposite anchors will have their size overridden after _ready(). 
  If you want to set size, change the anchors or consider using set_deferred().
  scene/gui/control.cpp:1440 - Nodes with non-equal opposite anchors will have their size overridden after _ready(). 
  If you want to set size, change the anchors or consider using set_deferred().
Toggle Visible
  scene/gui/control.cpp:1440 - Nodes with non-equal opposite anchors will have their size overridden after _ready(). 
  If you want to set size, change the anchors or consider using set_deferred().
  scene/gui/control.cpp:1440 - Nodes with non-equal opposite anchors will have their size overridden after _ready(). 
  If you want to set size, change the anchors or consider using set_deferred().
  scene/gui/control.cpp:1440 - Nodes with non-equal opposite anchors will have their size overridden after _ready(). 
  If you want to set size, change the anchors or consider using set_deferred().

2024-03-01T23:10:03:INFO: [step_commands: 19]
Godot Engine v4.2.stable.official.46dc27791 - https://godotengine.org
OpenGL API OpenGL ES 3.0.0 (ANGLE 2.1.21969 git hash: 9528449a8930) - Compatibility - Using Device: Google Inc. (Apple) - ANGLE (Apple, ANGLE Metal Renderer: Apple M1, Version 13.5.1 (Build 22G90))
 
--- Debugging process stopped ---
  scene/gui/control.cpp:1440 - Nodes with non-equal opposite anchors will have their size overridden after _ready(). 
  If you want to set size, change the anchors or consider using set_deferred().
  scene/gui/control.cpp:1440 - Nodes with non-equal opposite anchors will have their size overridden after _ready(). 
  If you want to set size, change the anchors or consider using set_deferred().
  scene/gui/control.cpp:1440 - Nodes with non-equal opposite anchors will have their size overridden after _ready(). 
  If you want to set size, change the anchors or consider using set_deferred().
  scene/gui/control.cpp:1440 - Nodes with non-equal opposite anchors will have their size overridden after _ready(). 
  If you want to set size, change the anchors or consider using set_deferred().
  scene/gui/control.cpp:1440 - Nodes with non-equal opposite anchors will have their size overridden after _ready(). 
  If you want to set size, change the anchors or consider using set_deferred().
  scene/gui/control.cpp:1440 - Nodes with non-equal opposite anchors will have their size overridden after _ready(). 
  If you want to set size, change the anchors or consider using set_deferred().
  scene/gui/control.cpp:1440 - Nodes with non-equal opposite anchors will have their size overridden after _ready(). 
  If you want to set size, change the anchors or consider using set_deferred().
  scene/gui/control.cpp:1440 - Nodes with non-equal opposite anchors will have their size overridden after _ready(). 
  If you want to set size, change the anchors or consider using set_deferred().
  scene/gui/control.cpp:1440 - Nodes with non-equal opposite anchors will have their size overridden after _ready(). 
  If you want to set size, change the anchors or consider using set_deferred().
  scene/gui/control.cpp:1440 - Nodes with non-equal opposite anchors will have their size overridden after _ready(). 
  If you want to set size, change the anchors or consider using set_deferred().
  scene/gui/control.cpp:1440 - Nodes with non-equal opposite anchors will have their size overridden after _ready(). 
  If you want to set size, change the anchors or consider using set_deferred().
  scene/gui/control.cpp:1440 - Nodes with non-equal opposite anchors will have their size overridden after _ready(). 
  If you want to set size, change the anchors or consider using set_deferred().
  scene/gui/control.cpp:1440 - Nodes with non-equal opposite anchors will have their size overridden after _ready(). 
  If you want to set size, change the anchors or consider using set_deferred().
Toggle Visible
  scene/gui/control.cpp:1440 - Nodes with non-equal opposite anchors will have their size overridden after _ready(). 
  If you want to set size, change the anchors or consider using set_deferred().
  scene/gui/control.cpp:1440 - Nodes with non-equal opposite anchors will have their size overridden after _ready(). 
  If you want to set size, change the anchors or consider using set_deferred().
  scene/gui/control.cpp:1440 - Nodes with non-equal opposite anchors will have their size overridden after _ready(). 
  If you want to set size, change the anchors or consider using set_deferred().
  scene/gui/control.cpp:1440 - Nodes with non-equal opposite anchors will have their size overridden after _ready(). 
  If you want to set size, change the anchors or consider using set_deferred().

2024-03-01T23:10:05:INFO: [step_commands: 20]
Godot Engine v4.2.stable.official.46dc27791 - https://godotengine.org
OpenGL API OpenGL ES 3.0.0 (ANGLE 2.1.21969 git hash: 9528449a8930) - Compatibility - Using Device: Google Inc. (Apple) - ANGLE (Apple, ANGLE Metal Renderer: Apple M1, Version 13.5.1 (Build 22G90))
 
--- Debugging process stopped ---
  scene/gui/control.cpp:1440 - Nodes with non-equal opposite anchors will have their size overridden after _ready(). 
  If you want to set size, change the anchors or consider using set_deferred().
  scene/gui/control.cpp:1440 - Nodes with non-equal opposite anchors will have their size overridden after _ready(). 
  If you want to set size, change the anchors or consider using set_deferred().
  scene/gui/control.cpp:1440 - Nodes with non-equal opposite anchors will have their size overridden after _ready(). 
  If you want to set size, change the anchors or consider using set_deferred().
  scene/gui/control.cpp:1440 - Nodes with non-equal opposite anchors will have their size overridden after _ready(). 
  If you want to set size, change the anchors or consider using set_deferred().
  scene/gui/control.cpp:1440 - Nodes with non-equal opposite anchors will have their size overridden after _ready(). 
  If you want to set size, change the anchors or consider using set_deferred().
  scene/gui/control.cpp:1440 - Nodes with non-equal opposite anchors will have their size overridden after _ready(). 
  If you want to set size, change the anchors or consider using set_deferred().
  scene/gui/control.cpp:1440 - Nodes with non-equal opposite anchors will have their size overridden after _ready(). 
  If you want to set size, change the anchors or consider using set_deferred().
  scene/gui/control.cpp:1440 - Nodes with non-equal opposite anchors will have their size overridden after _ready(). 
  If you want to set size, change the anchors or consider using set_deferred().
  scene/gui/control.cpp:1440 - Nodes with non-equal opposite anchors will have their size overridden after _ready(). 
  If you want to set size, change the anchors or consider using set_deferred().
  scene/gui/control.cpp:1440 - Nodes with non-equal opposite anchors will have their size overridden after _ready(). 
  If you want to set size, change the anchors or consider using set_deferred().
  scene/gui/control.cpp:1440 - Nodes with non-equal opposite anchors will have their size overridden after _ready(). 
  If you want to set size, change the anchors or consider using set_deferred().
  scene/gui/control.cpp:1440 - Nodes with non-equal opposite anchors will have their size overridden after _ready(). 
  If you want to set size, change the anchors or consider using set_deferred().
  scene/gui/control.cpp:1440 - Nodes with non-equal opposite anchors will have their size overridden after _ready(). 
  If you want to set size, change the anchors or consider using set_deferred().
Toggle Visible
  scene/gui/control.cpp:1440 - Nodes with non-equal opposite anchors will have their size overridden after _ready(). 
  If you want to set size, change the anchors or consider using set_deferred().
  scene/gui/control.cpp:1440 - Nodes with non-equal opposite anchors will have their size overridden after _ready(). 
  If you want to set size, change the anchors or consider using set_deferred().
  scene/gui/control.cpp:1440 - Nodes with non-equal opposite anchors will have their size overridden after _ready(). 
  If you want to set size, change the anchors or consider using set_deferred().
  scene/gui/control.cpp:1440 - Nodes with non-equal opposite anchors will have their size overridden after _ready(). 
  If you want to set size, change the anchors or consider using set_deferred().
  scene/gui/control.cpp:1440 - Nodes with non-equal opposite anchors will have their size overridden after _ready(). 
  If you want to set size, change the anchors or consider using set_deferred().

2024-03-01T23:10:10:INFO: [step_commands: 21]
Godot Engine v4.2.stable.official.46dc27791 - https://godotengine.org
OpenGL API OpenGL ES 3.0.0 (ANGLE 2.1.21969 git hash: 9528449a8930) - Compatibility - Using Device: Google Inc. (Apple) - ANGLE (Apple, ANGLE Metal Renderer: Apple M1, Version 13.5.1 (Build 22G90))
 
--- Debugging process stopped ---
  scene/gui/control.cpp:1440 - Nodes with non-equal opposite anchors will have their size overridden after _ready(). 
  If you want to set size, change the anchors or consider using set_deferred().
  scene/gui/control.cpp:1440 - Nodes with non-equal opposite anchors will have their size overridden after _ready(). 
  If you want to set size, change the anchors or consider using set_deferred().
  scene/gui/control.cpp:1440 - Nodes with non-equal opposite anchors will have their size overridden after _ready(). 
  If you want to set size, change the anchors or consider using set_deferred().
  scene/gui/control.cpp:1440 - Nodes with non-equal opposite anchors will have their size overridden after _ready(). 
  If you want to set size, change the anchors or consider using set_deferred().
  scene/gui/control.cpp:1440 - Nodes with non-equal opposite anchors will have their size overridden after _ready(). 
  If you want to set size, change the anchors or consider using set_deferred().
  scene/gui/control.cpp:1440 - Nodes with non-equal opposite anchors will have their size overridden after _ready(). 
  If you want to set size, change the anchors or consider using set_deferred().
  scene/gui/control.cpp:1440 - Nodes with non-equal opposite anchors will have their size overridden after _ready(). 
  If you want to set size, change the anchors or consider using set_deferred().
  scene/gui/control.cpp:1440 - Nodes with non-equal opposite anchors will have their size overridden after _ready(). 
  If you want to set size, change the anchors or consider using set_deferred().
  scene/gui/control.cpp:1440 - Nodes with non-equal opposite anchors will have their size overridden after _ready(). 
  If you want to set size, change the anchors or consider using set_deferred().
  scene/gui/control.cpp:1440 - Nodes with non-equal opposite anchors will have their size overridden after _ready(). 
  If you want to set size, change the anchors or consider using set_deferred().
  scene/gui/control.cpp:1440 - Nodes with non-equal opposite anchors will have their size overridden after _ready(). 
  If you want to set size, change the anchors or consider using set_deferred().
  scene/gui/control.cpp:1440 - Nodes with non-equal opposite anchors will have their size overridden after _ready(). 
  If you want to set size, change the anchors or consider using set_deferred().
  scene/gui/control.cpp:1440 - Nodes with non-equal opposite anchors will have their size overridden after _ready(). 
  If you want to set size, change the anchors or consider using set_deferred().
Toggle Visible
  scene/gui/control.cpp:1440 - Nodes with non-equal opposite anchors will have their size overridden after _ready(). 
  If you want to set size, change the anchors or consider using set_deferred().
  scene/gui/control.cpp:1440 - Nodes with non-equal opposite anchors will have their size overridden after _ready(). 
  If you want to set size, change the anchors or consider using set_deferred().
  scene/gui/control.cpp:1440 - Nodes with non-equal opposite anchors will have their size overridden after _ready(). 
  If you want to set size, change the anchors or consider using set_deferred().
  scene/gui/control.cpp:1440 - Nodes with non-equal opposite anchors will have their size overridden after _ready(). 
  If you want to set size, change the anchors or consider using set_deferred().
  scene/gui/control.cpp:1440 - Nodes with non-equal opposite anchors will have their size overridden after _ready(). 
  If you want to set size, change the anchors or consider using set_deferred().
  scene/gui/control.cpp:1440 - Nodes with non-equal opposite anchors will have their size overridden after _ready(). 
  If you want to set size, change the anchors or consider using set_deferred().

2024-03-01T23:10:24:INFO: [step_commands: 22]
Godot Engine v4.2.stable.official.46dc27791 - https://godotengine.org
OpenGL API OpenGL ES 3.0.0 (ANGLE 2.1.21969 git hash: 9528449a8930) - Compatibility - Using Device: Google Inc. (Apple) - ANGLE (Apple, ANGLE Metal Renderer: Apple M1, Version 13.5.1 (Build 22G90))
 
--- Debugging process stopped ---
  scene/gui/control.cpp:1440 - Nodes with non-equal opposite anchors will have their size overridden after _ready(). 
  If you want to set size, change the anchors or consider using set_deferred().
  scene/gui/control.cpp:1440 - Nodes with non-equal opposite anchors will have their size overridden after _ready(). 
  If you want to set size, change the anchors or consider using set_deferred().
  scene/gui/control.cpp:1440 - Nodes with non-equal opposite anchors will have their size overridden after _ready(). 
  If you want to set size, change the anchors or consider using set_deferred().
  scene/gui/control.cpp:1440 - Nodes with non-equal opposite anchors will have their size overridden after _ready(). 
  If you want to set size, change the anchors or consider using set_deferred().
  scene/gui/control.cpp:1440 - Nodes with non-equal opposite anchors will have their size overridden after _ready(). 
  If you want to set size, change the anchors or consider using set_deferred().
  scene/gui/control.cpp:1440 - Nodes with non-equal opposite anchors will have their size overridden after _ready(). 
  If you want to set size, change the anchors or consider using set_deferred().
  scene/gui/control.cpp:1440 - Nodes with non-equal opposite anchors will have their size overridden after _ready(). 
  If you want to set size, change the anchors or consider using set_deferred().
  scene/gui/control.cpp:1440 - Nodes with non-equal opposite anchors will have their size overridden after _ready(). 
  If you want to set size, change the anchors or consider using set_deferred().
  scene/gui/control.cpp:1440 - Nodes with non-equal opposite anchors will have their size overridden after _ready(). 
  If you want to set size, change the anchors or consider using set_deferred().
  scene/gui/control.cpp:1440 - Nodes with non-equal opposite anchors will have their size overridden after _ready(). 
  If you want to set size, change the anchors or consider using set_deferred().
  scene/gui/control.cpp:1440 - Nodes with non-equal opposite anchors will have their size overridden after _ready(). 
  If you want to set size, change the anchors or consider using set_deferred().
  scene/gui/control.cpp:1440 - Nodes with non-equal opposite anchors will have their size overridden after _ready(). 
  If you want to set size, change the anchors or consider using set_deferred().
  scene/gui/control.cpp:1440 - Nodes with non-equal opposite anchors will have their size overridden after _ready(). 
  If you want to set size, change the anchors or consider using set_deferred().
Toggle Visible
  scene/gui/control.cpp:1440 - Nodes with non-equal opposite anchors will have their size overridden after _ready(). 
  If you want to set size, change the anchors or consider using set_deferred().
  scene/gui/control.cpp:1440 - Nodes with non-equal opposite anchors will have their size overridden after _ready(). 
  If you want to set size, change the anchors or consider using set_deferred().
  scene/gui/control.cpp:1440 - Nodes with non-equal opposite anchors will have their size overridden after _ready(). 
  If you want to set size, change the anchors or consider using set_deferred().
  scene/gui/control.cpp:1440 - Nodes with non-equal opposite anchors will have their size overridden after _ready(). 
  If you want to set size, change the anchors or consider using set_deferred().
  scene/gui/control.cpp:1440 - Nodes with non-equal opposite anchors will have their size overridden after _ready(). 
  If you want to set size, change the anchors or consider using set_deferred().
  scene/gui/control.cpp:1440 - Nodes with non-equal opposite anchors will have their size overridden after _ready(). 
  If you want to set size, change the anchors or consider using set_deferred().
  scene/gui/control.cpp:1440 - Nodes with non-equal opposite anchors will have their size overridden after _ready(). 
  If you want to set size, change the anchors or consider using set_deferred().

2024-03-01T23:10:25:INFO: [step_commands: 23]
Godot Engine v4.2.stable.official.46dc27791 - https://godotengine.org
OpenGL API OpenGL ES 3.0.0 (ANGLE 2.1.21969 git hash: 9528449a8930) - Compatibility - Using Device: Google Inc. (Apple) - ANGLE (Apple, ANGLE Metal Renderer: Apple M1, Version 13.5.1 (Build 22G90))
 
--- Debugging process stopped ---
  scene/gui/control.cpp:1440 - Nodes with non-equal opposite anchors will have their size overridden after _ready(). 
  If you want to set size, change the anchors or consider using set_deferred().
  scene/gui/control.cpp:1440 - Nodes with non-equal opposite anchors will have their size overridden after _ready(). 
  If you want to set size, change the anchors or consider using set_deferred().
  scene/gui/control.cpp:1440 - Nodes with non-equal opposite anchors will have their size overridden after _ready(). 
  If you want to set size, change the anchors or consider using set_deferred().
  scene/gui/control.cpp:1440 - Nodes with non-equal opposite anchors will have their size overridden after _ready(). 
  If you want to set size, change the anchors or consider using set_deferred().
  scene/gui/control.cpp:1440 - Nodes with non-equal opposite anchors will have their size overridden after _ready(). 
  If you want to set size, change the anchors or consider using set_deferred().
  scene/gui/control.cpp:1440 - Nodes with non-equal opposite anchors will have their size overridden after _ready(). 
  If you want to set size, change the anchors or consider using set_deferred().
  scene/gui/control.cpp:1440 - Nodes with non-equal opposite anchors will have their size overridden after _ready(). 
  If you want to set size, change the anchors or consider using set_deferred().
  scene/gui/control.cpp:1440 - Nodes with non-equal opposite anchors will have their size overridden after _ready(). 
  If you want to set size, change the anchors or consider using set_deferred().
  scene/gui/control.cpp:1440 - Nodes with non-equal opposite anchors will have their size overridden after _ready(). 
  If you want to set size, change the anchors or consider using set_deferred().
  scene/gui/control.cpp:1440 - Nodes with non-equal opposite anchors will have their size overridden after _ready(). 
  If you want to set size, change the anchors or consider using set_deferred().
  scene/gui/control.cpp:1440 - Nodes with non-equal opposite anchors will have their size overridden after _ready(). 
  If you want to set size, change the anchors or consider using set_deferred().
  scene/gui/control.cpp:1440 - Nodes with non-equal opposite anchors will have their size overridden after _ready(). 
  If you want to set size, change the anchors or consider using set_deferred().
  scene/gui/control.cpp:1440 - Nodes with non-equal opposite anchors will have their size overridden after _ready(). 
  If you want to set size, change the anchors or consider using set_deferred().
Toggle Visible
  scene/gui/control.cpp:1440 - Nodes with non-equal opposite anchors will have their size overridden after _ready(). 
  If you want to set size, change the anchors or consider using set_deferred().
  scene/gui/control.cpp:1440 - Nodes with non-equal opposite anchors will have their size overridden after _ready(). 
  If you want to set size, change the anchors or consider using set_deferred().
  scene/gui/control.cpp:1440 - Nodes with non-equal opposite anchors will have their size overridden after _ready(). 
  If you want to set size, change the anchors or consider using set_deferred().
  scene/gui/control.cpp:1440 - Nodes with non-equal opposite anchors will have their size overridden after _ready(). 
  If you want to set size, change the anchors or consider using set_deferred().
  scene/gui/control.cpp:1440 - Nodes with non-equal opposite anchors will have their size overridden after _ready(). 
  If you want to set size, change the anchors or consider using set_deferred().
  scene/gui/control.cpp:1440 - Nodes with non-equal opposite anchors will have their size overridden after _ready(). 
  If you want to set size, change the anchors or consider using set_deferred().
  scene/gui/control.cpp:1440 - Nodes with non-equal opposite anchors will have their size overridden after _ready(). 
  If you want to set size, change the anchors or consider using set_deferred().
  scene/gui/control.cpp:1440 - Nodes with non-equal opposite anchors will have their size overridden after _ready(). 
  If you want to set size, change the anchors or consider using set_deferred().

2024-03-01T23:10:26:INFO: [step_commands: 24]
Godot Engine v4.2.stable.official.46dc27791 - https://godotengine.org
OpenGL API OpenGL ES 3.0.0 (ANGLE 2.1.21969 git hash: 9528449a8930) - Compatibility - Using Device: Google Inc. (Apple) - ANGLE (Apple, ANGLE Metal Renderer: Apple M1, Version 13.5.1 (Build 22G90))
 
--- Debugging process stopped ---
  scene/gui/control.cpp:1440 - Nodes with non-equal opposite anchors will have their size overridden after _ready(). 
  If you want to set size, change the anchors or consider using set_deferred().
  scene/gui/control.cpp:1440 - Nodes with non-equal opposite anchors will have their size overridden after _ready(). 
  If you want to set size, change the anchors or consider using set_deferred().
  scene/gui/control.cpp:1440 - Nodes with non-equal opposite anchors will have their size overridden after _ready(). 
  If you want to set size, change the anchors or consider using set_deferred().
  scene/gui/control.cpp:1440 - Nodes with non-equal opposite anchors will have their size overridden after _ready(). 
  If you want to set size, change the anchors or consider using set_deferred().
  scene/gui/control.cpp:1440 - Nodes with non-equal opposite anchors will have their size overridden after _ready(). 
  If you want to set size, change the anchors or consider using set_deferred().
  scene/gui/control.cpp:1440 - Nodes with non-equal opposite anchors will have their size overridden after _ready(). 
  If you want to set size, change the anchors or consider using set_deferred().
  scene/gui/control.cpp:1440 - Nodes with non-equal opposite anchors will have their size overridden after _ready(). 
  If you want to set size, change the anchors or consider using set_deferred().
  scene/gui/control.cpp:1440 - Nodes with non-equal opposite anchors will have their size overridden after _ready(). 
  If you want to set size, change the anchors or consider using set_deferred().
  scene/gui/control.cpp:1440 - Nodes with non-equal opposite anchors will have their size overridden after _ready(). 
  If you want to set size, change the anchors or consider using set_deferred().
  scene/gui/control.cpp:1440 - Nodes with non-equal opposite anchors will have their size overridden after _ready(). 
  If you want to set size, change the anchors or consider using set_deferred().
  scene/gui/control.cpp:1440 - Nodes with non-equal opposite anchors will have their size overridden after _ready(). 
  If you want to set size, change the anchors or consider using set_deferred().
  scene/gui/control.cpp:1440 - Nodes with non-equal opposite anchors will have their size overridden after _ready(). 
  If you want to set size, change the anchors or consider using set_deferred().
  scene/gui/control.cpp:1440 - Nodes with non-equal opposite anchors will have their size overridden after _ready(). 
  If you want to set size, change the anchors or consider using set_deferred().
Toggle Visible
  scene/gui/control.cpp:1440 - Nodes with non-equal opposite anchors will have their size overridden after _ready(). 
  If you want to set size, change the anchors or consider using set_deferred().
  scene/gui/control.cpp:1440 - Nodes with non-equal opposite anchors will have their size overridden after _ready(). 
  If you want to set size, change the anchors or consider using set_deferred().
  scene/gui/control.cpp:1440 - Nodes with non-equal opposite anchors will have their size overridden after _ready(). 
  If you want to set size, change the anchors or consider using set_deferred().
  scene/gui/control.cpp:1440 - Nodes with non-equal opposite anchors will have their size overridden after _ready(). 
  If you want to set size, change the anchors or consider using set_deferred().
  scene/gui/control.cpp:1440 - Nodes with non-equal opposite anchors will have their size overridden after _ready(). 
  If you want to set size, change the anchors or consider using set_deferred().
  scene/gui/control.cpp:1440 - Nodes with non-equal opposite anchors will have their size overridden after _ready(). 
  If you want to set size, change the anchors or consider using set_deferred().
  scene/gui/control.cpp:1440 - Nodes with non-equal opposite anchors will have their size overridden after _ready(). 
  If you want to set size, change the anchors or consider using set_deferred().
  scene/gui/control.cpp:1440 - Nodes with non-equal opposite anchors will have their size overridden after _ready(). 
  If you want to set size, change the anchors or consider using set_deferred().
  scene/gui/control.cpp:1440 - Nodes with non-equal opposite anchors will have their size overridden after _ready(). 
  If you want to set size, change the anchors or consider using set_deferred().

2024-03-01T23:10:27:INFO: [step_commands: 25]
Godot Engine v4.2.stable.official.46dc27791 - https://godotengine.org
OpenGL API OpenGL ES 3.0.0 (ANGLE 2.1.21969 git hash: 9528449a8930) - Compatibility - Using Device: Google Inc. (Apple) - ANGLE (Apple, ANGLE Metal Renderer: Apple M1, Version 13.5.1 (Build 22G90))
 
--- Debugging process stopped ---
  scene/gui/control.cpp:1440 - Nodes with non-equal opposite anchors will have their size overridden after _ready(). 
  If you want to set size, change the anchors or consider using set_deferred().
  scene/gui/control.cpp:1440 - Nodes with non-equal opposite anchors will have their size overridden after _ready(). 
  If you want to set size, change the anchors or consider using set_deferred().
  scene/gui/control.cpp:1440 - Nodes with non-equal opposite anchors will have their size overridden after _ready(). 
  If you want to set size, change the anchors or consider using set_deferred().
  scene/gui/control.cpp:1440 - Nodes with non-equal opposite anchors will have their size overridden after _ready(). 
  If you want to set size, change the anchors or consider using set_deferred().
  scene/gui/control.cpp:1440 - Nodes with non-equal opposite anchors will have their size overridden after _ready(). 
  If you want to set size, change the anchors or consider using set_deferred().
  scene/gui/control.cpp:1440 - Nodes with non-equal opposite anchors will have their size overridden after _ready(). 
  If you want to set size, change the anchors or consider using set_deferred().
  scene/gui/control.cpp:1440 - Nodes with non-equal opposite anchors will have their size overridden after _ready(). 
  If you want to set size, change the anchors or consider using set_deferred().
  scene/gui/control.cpp:1440 - Nodes with non-equal opposite anchors will have their size overridden after _ready(). 
  If you want to set size, change the anchors or consider using set_deferred().
  scene/gui/control.cpp:1440 - Nodes with non-equal opposite anchors will have their size overridden after _ready(). 
  If you want to set size, change the anchors or consider using set_deferred().
  scene/gui/control.cpp:1440 - Nodes with non-equal opposite anchors will have their size overridden after _ready(). 
  If you want to set size, change the anchors or consider using set_deferred().
  scene/gui/control.cpp:1440 - Nodes with non-equal opposite anchors will have their size overridden after _ready(). 
  If you want to set size, change the anchors or consider using set_deferred().
  scene/gui/control.cpp:1440 - Nodes with non-equal opposite anchors will have their size overridden after _ready(). 
  If you want to set size, change the anchors or consider using set_deferred().
  scene/gui/control.cpp:1440 - Nodes with non-equal opposite anchors will have their size overridden after _ready(). 
  If you want to set size, change the anchors or consider using set_deferred().
Toggle Visible
  scene/gui/control.cpp:1440 - Nodes with non-equal opposite anchors will have their size overridden after _ready(). 
  If you want to set size, change the anchors or consider using set_deferred().
  scene/gui/control.cpp:1440 - Nodes with non-equal opposite anchors will have their size overridden after _ready(). 
  If you want to set size, change the anchors or consider using set_deferred().
  scene/gui/control.cpp:1440 - Nodes with non-equal opposite anchors will have their size overridden after _ready(). 
  If you want to set size, change the anchors or consider using set_deferred().
  scene/gui/control.cpp:1440 - Nodes with non-equal opposite anchors will have their size overridden after _ready(). 
  If you want to set size, change the anchors or consider using set_deferred().
  scene/gui/control.cpp:1440 - Nodes with non-equal opposite anchors will have their size overridden after _ready(). 
  If you want to set size, change the anchors or consider using set_deferred().
  scene/gui/control.cpp:1440 - Nodes with non-equal opposite anchors will have their size overridden after _ready(). 
  If you want to set size, change the anchors or consider using set_deferred().
  scene/gui/control.cpp:1440 - Nodes with non-equal opposite anchors will have their size overridden after _ready(). 
  If you want to set size, change the anchors or consider using set_deferred().
  scene/gui/control.cpp:1440 - Nodes with non-equal opposite anchors will have their size overridden after _ready(). 
  If you want to set size, change the anchors or consider using set_deferred().
  scene/gui/control.cpp:1440 - Nodes with non-equal opposite anchors will have their size overridden after _ready(). 
  If you want to set size, change the anchors or consider using set_deferred().
  scene/gui/control.cpp:1440 - Nodes with non-equal opposite anchors will have their size overridden after _ready(). 
  If you want to set size, change the anchors or consider using set_deferred().

2024-03-01T23:10:29:INFO: [step_commands: 26]
Godot Engine v4.2.stable.official.46dc27791 - https://godotengine.org
OpenGL API OpenGL ES 3.0.0 (ANGLE 2.1.21969 git hash: 9528449a8930) - Compatibility - Using Device: Google Inc. (Apple) - ANGLE (Apple, ANGLE Metal Renderer: Apple M1, Version 13.5.1 (Build 22G90))
 
--- Debugging process stopped ---
  scene/gui/control.cpp:1440 - Nodes with non-equal opposite anchors will have their size overridden after _ready(). 
  If you want to set size, change the anchors or consider using set_deferred().
  scene/gui/control.cpp:1440 - Nodes with non-equal opposite anchors will have their size overridden after _ready(). 
  If you want to set size, change the anchors or consider using set_deferred().
  scene/gui/control.cpp:1440 - Nodes with non-equal opposite anchors will have their size overridden after _ready(). 
  If you want to set size, change the anchors or consider using set_deferred().
  scene/gui/control.cpp:1440 - Nodes with non-equal opposite anchors will have their size overridden after _ready(). 
  If you want to set size, change the anchors or consider using set_deferred().
  scene/gui/control.cpp:1440 - Nodes with non-equal opposite anchors will have their size overridden after _ready(). 
  If you want to set size, change the anchors or consider using set_deferred().
  scene/gui/control.cpp:1440 - Nodes with non-equal opposite anchors will have their size overridden after _ready(). 
  If you want to set size, change the anchors or consider using set_deferred().
  scene/gui/control.cpp:1440 - Nodes with non-equal opposite anchors will have their size overridden after _ready(). 
  If you want to set size, change the anchors or consider using set_deferred().
  scene/gui/control.cpp:1440 - Nodes with non-equal opposite anchors will have their size overridden after _ready(). 
  If you want to set size, change the anchors or consider using set_deferred().
  scene/gui/control.cpp:1440 - Nodes with non-equal opposite anchors will have their size overridden after _ready(). 
  If you want to set size, change the anchors or consider using set_deferred().
  scene/gui/control.cpp:1440 - Nodes with non-equal opposite anchors will have their size overridden after _ready(). 
  If you want to set size, change the anchors or consider using set_deferred().
  scene/gui/control.cpp:1440 - Nodes with non-equal opposite anchors will have their size overridden after _ready(). 
  If you want to set size, change the anchors or consider using set_deferred().
  scene/gui/control.cpp:1440 - Nodes with non-equal opposite anchors will have their size overridden after _ready(). 
  If you want to set size, change the anchors or consider using set_deferred().
  scene/gui/control.cpp:1440 - Nodes with non-equal opposite anchors will have their size overridden after _ready(). 
  If you want to set size, change the anchors or consider using set_deferred().
Toggle Visible
  scene/gui/control.cpp:1440 - Nodes with non-equal opposite anchors will have their size overridden after _ready(). 
  If you want to set size, change the anchors or consider using set_deferred().
  scene/gui/control.cpp:1440 - Nodes with non-equal opposite anchors will have their size overridden after _ready(). 
  If you want to set size, change the anchors or consider using set_deferred().
  scene/gui/control.cpp:1440 - Nodes with non-equal opposite anchors will have their size overridden after _ready(). 
  If you want to set size, change the anchors or consider using set_deferred().
  scene/gui/control.cpp:1440 - Nodes with non-equal opposite anchors will have their size overridden after _ready(). 
  If you want to set size, change the anchors or consider using set_deferred().
  scene/gui/control.cpp:1440 - Nodes with non-equal opposite anchors will have their size overridden after _ready(). 
  If you want to set size, change the anchors or consider using set_deferred().
  scene/gui/control.cpp:1440 - Nodes with non-equal opposite anchors will have their size overridden after _ready(). 
  If you want to set size, change the anchors or consider using set_deferred().
  scene/gui/control.cpp:1440 - Nodes with non-equal opposite anchors will have their size overridden after _ready(). 
  If you want to set size, change the anchors or consider using set_deferred().
  scene/gui/control.cpp:1440 - Nodes with non-equal opposite anchors will have their size overridden after _ready(). 
  If you want to set size, change the anchors or consider using set_deferred().
  scene/gui/control.cpp:1440 - Nodes with non-equal opposite anchors will have their size overridden after _ready(). 
  If you want to set size, change the anchors or consider using set_deferred().
  scene/gui/control.cpp:1440 - Nodes with non-equal opposite anchors will have their size overridden after _ready(). 
  If you want to set size, change the anchors or consider using set_deferred().
  scene/gui/control.cpp:1440 - Nodes with non-equal opposite anchors will have their size overridden after _ready(). 
  If you want to set size, change the anchors or consider using set_deferred().

2024-03-01T23:10:38:INFO: [step_commands: 27]
Godot Engine v4.2.stable.official.46dc27791 - https://godotengine.org
OpenGL API OpenGL ES 3.0.0 (ANGLE 2.1.21969 git hash: 9528449a8930) - Compatibility - Using Device: Google Inc. (Apple) - ANGLE (Apple, ANGLE Metal Renderer: Apple M1, Version 13.5.1 (Build 22G90))
 
--- Debugging process stopped ---
  scene/gui/control.cpp:1440 - Nodes with non-equal opposite anchors will have their size overridden after _ready(). 
  If you want to set size, change the anchors or consider using set_deferred().
  scene/gui/control.cpp:1440 - Nodes with non-equal opposite anchors will have their size overridden after _ready(). 
  If you want to set size, change the anchors or consider using set_deferred().
  scene/gui/control.cpp:1440 - Nodes with non-equal opposite anchors will have their size overridden after _ready(). 
  If you want to set size, change the anchors or consider using set_deferred().
  scene/gui/control.cpp:1440 - Nodes with non-equal opposite anchors will have their size overridden after _ready(). 
  If you want to set size, change the anchors or consider using set_deferred().
  scene/gui/control.cpp:1440 - Nodes with non-equal opposite anchors will have their size overridden after _ready(). 
  If you want to set size, change the anchors or consider using set_deferred().
  scene/gui/control.cpp:1440 - Nodes with non-equal opposite anchors will have their size overridden after _ready(). 
  If you want to set size, change the anchors or consider using set_deferred().
  scene/gui/control.cpp:1440 - Nodes with non-equal opposite anchors will have their size overridden after _ready(). 
  If you want to set size, change the anchors or consider using set_deferred().
  scene/gui/control.cpp:1440 - Nodes with non-equal opposite anchors will have their size overridden after _ready(). 
  If you want to set size, change the anchors or consider using set_deferred().
  scene/gui/control.cpp:1440 - Nodes with non-equal opposite anchors will have their size overridden after _ready(). 
  If you want to set size, change the anchors or consider using set_deferred().
  scene/gui/control.cpp:1440 - Nodes with non-equal opposite anchors will have their size overridden after _ready(). 
  If you want to set size, change the anchors or consider using set_deferred().
  scene/gui/control.cpp:1440 - Nodes with non-equal opposite anchors will have their size overridden after _ready(). 
  If you want to set size, change the anchors or consider using set_deferred().
  scene/gui/control.cpp:1440 - Nodes with non-equal opposite anchors will have their size overridden after _ready(). 
  If you want to set size, change the anchors or consider using set_deferred().
  scene/gui/control.cpp:1440 - Nodes with non-equal opposite anchors will have their size overridden after _ready(). 
  If you want to set size, change the anchors or consider using set_deferred().
Toggle Visible
  scene/gui/control.cpp:1440 - Nodes with non-equal opposite anchors will have their size overridden after _ready(). 
  If you want to set size, change the anchors or consider using set_deferred().
  scene/gui/control.cpp:1440 - Nodes with non-equal opposite anchors will have their size overridden after _ready(). 
  If you want to set size, change the anchors or consider using set_deferred().
  scene/gui/control.cpp:1440 - Nodes with non-equal opposite anchors will have their size overridden after _ready(). 
  If you want to set size, change the anchors or consider using set_deferred().
  scene/gui/control.cpp:1440 - Nodes with non-equal opposite anchors will have their size overridden after _ready(). 
  If you want to set size, change the anchors or consider using set_deferred().
  scene/gui/control.cpp:1440 - Nodes with non-equal opposite anchors will have their size overridden after _ready(). 
  If you want to set size, change the anchors or consider using set_deferred().
  scene/gui/control.cpp:1440 - Nodes with non-equal opposite anchors will have their size overridden after _ready(). 
  If you want to set size, change the anchors or consider using set_deferred().
  scene/gui/control.cpp:1440 - Nodes with non-equal opposite anchors will have their size overridden after _ready(). 
  If you want to set size, change the anchors or consider using set_deferred().
  scene/gui/control.cpp:1440 - Nodes with non-equal opposite anchors will have their size overridden after _ready(). 
  If you want to set size, change the anchors or consider using set_deferred().
  scene/gui/control.cpp:1440 - Nodes with non-equal opposite anchors will have their size overridden after _ready(). 
  If you want to set size, change the anchors or consider using set_deferred().
  scene/gui/control.cpp:1440 - Nodes with non-equal opposite anchors will have their size overridden after _ready(). 
  If you want to set size, change the anchors or consider using set_deferred().
  scene/gui/control.cpp:1440 - Nodes with non-equal opposite anchors will have their size overridden after _ready(). 
  If you want to set size, change the anchors or consider using set_deferred().
  scene/gui/control.cpp:1440 - Nodes with non-equal opposite anchors will have their size overridden after _ready(). 
  If you want to set size, change the anchors or consider using set_deferred().

2024-03-01T23:10:39:INFO: [step_commands: 28]
Godot Engine v4.2.stable.official.46dc27791 - https://godotengine.org
OpenGL API OpenGL ES 3.0.0 (ANGLE 2.1.21969 git hash: 9528449a8930) - Compatibility - Using Device: Google Inc. (Apple) - ANGLE (Apple, ANGLE Metal Renderer: Apple M1, Version 13.5.1 (Build 22G90))
 
--- Debugging process stopped ---
  scene/gui/control.cpp:1440 - Nodes with non-equal opposite anchors will have their size overridden after _ready(). 
  If you want to set size, change the anchors or consider using set_deferred().
  scene/gui/control.cpp:1440 - Nodes with non-equal opposite anchors will have their size overridden after _ready(). 
  If you want to set size, change the anchors or consider using set_deferred().
  scene/gui/control.cpp:1440 - Nodes with non-equal opposite anchors will have their size overridden after _ready(). 
  If you want to set size, change the anchors or consider using set_deferred().
  scene/gui/control.cpp:1440 - Nodes with non-equal opposite anchors will have their size overridden after _ready(). 
  If you want to set size, change the anchors or consider using set_deferred().
  scene/gui/control.cpp:1440 - Nodes with non-equal opposite anchors will have their size overridden after _ready(). 
  If you want to set size, change the anchors or consider using set_deferred().
  scene/gui/control.cpp:1440 - Nodes with non-equal opposite anchors will have their size overridden after _ready(). 
  If you want to set size, change the anchors or consider using set_deferred().
  scene/gui/control.cpp:1440 - Nodes with non-equal opposite anchors will have their size overridden after _ready(). 
  If you want to set size, change the anchors or consider using set_deferred().
  scene/gui/control.cpp:1440 - Nodes with non-equal opposite anchors will have their size overridden after _ready(). 
  If you want to set size, change the anchors or consider using set_deferred().
  scene/gui/control.cpp:1440 - Nodes with non-equal opposite anchors will have their size overridden after _ready(). 
  If you want to set size, change the anchors or consider using set_deferred().
  scene/gui/control.cpp:1440 - Nodes with non-equal opposite anchors will have their size overridden after _ready(). 
  If you want to set size, change the anchors or consider using set_deferred().
  scene/gui/control.cpp:1440 - Nodes with non-equal opposite anchors will have their size overridden after _ready(). 
  If you want to set size, change the anchors or consider using set_deferred().
  scene/gui/control.cpp:1440 - Nodes with non-equal opposite anchors will have their size overridden after _ready(). 
  If you want to set size, change the anchors or consider using set_deferred().
  scene/gui/control.cpp:1440 - Nodes with non-equal opposite anchors will have their size overridden after _ready(). 
  If you want to set size, change the anchors or consider using set_deferred().
Toggle Visible
  scene/gui/control.cpp:1440 - Nodes with non-equal opposite anchors will have their size overridden after _ready(). 
  If you want to set size, change the anchors or consider using set_deferred().
  scene/gui/control.cpp:1440 - Nodes with non-equal opposite anchors will have their size overridden after _ready(). 
  If you want to set size, change the anchors or consider using set_deferred().
  scene/gui/control.cpp:1440 - Nodes with non-equal opposite anchors will have their size overridden after _ready(). 
  If you want to set size, change the anchors or consider using set_deferred().
  scene/gui/control.cpp:1440 - Nodes with non-equal opposite anchors will have their size overridden after _ready(). 
  If you want to set size, change the anchors or consider using set_deferred().
  scene/gui/control.cpp:1440 - Nodes with non-equal opposite anchors will have their size overridden after _ready(). 
  If you want to set size, change the anchors or consider using set_deferred().
  scene/gui/control.cpp:1440 - Nodes with non-equal opposite anchors will have their size overridden after _ready(). 
  If you want to set size, change the anchors or consider using set_deferred().
  scene/gui/control.cpp:1440 - Nodes with non-equal opposite anchors will have their size overridden after _ready(). 
  If you want to set size, change the anchors or consider using set_deferred().
  scene/gui/control.cpp:1440 - Nodes with non-equal opposite anchors will have their size overridden after _ready(). 
  If you want to set size, change the anchors or consider using set_deferred().
  scene/gui/control.cpp:1440 - Nodes with non-equal opposite anchors will have their size overridden after _ready(). 
  If you want to set size, change the anchors or consider using set_deferred().
  scene/gui/control.cpp:1440 - Nodes with non-equal opposite anchors will have their size overridden after _ready(). 
  If you want to set size, change the anchors or consider using set_deferred().
  scene/gui/control.cpp:1440 - Nodes with non-equal opposite anchors will have their size overridden after _ready(). 
  If you want to set size, change the anchors or consider using set_deferred().
  scene/gui/control.cpp:1440 - Nodes with non-equal opposite anchors will have their size overridden after _ready(). 
  If you want to set size, change the anchors or consider using set_deferred().
  scene/gui/control.cpp:1440 - Nodes with non-equal opposite anchors will have their size overridden after _ready(). 
  If you want to set size, change the anchors or consider using set_deferred().

2024-03-01T23:10:41:INFO: [step_commands: 29]
Godot Engine v4.2.stable.official.46dc27791 - https://godotengine.org
OpenGL API OpenGL ES 3.0.0 (ANGLE 2.1.21969 git hash: 9528449a8930) - Compatibility - Using Device: Google Inc. (Apple) - ANGLE (Apple, ANGLE Metal Renderer: Apple M1, Version 13.5.1 (Build 22G90))
 
--- Debugging process stopped ---
  scene/gui/control.cpp:1440 - Nodes with non-equal opposite anchors will have their size overridden after _ready(). 
  If you want to set size, change the anchors or consider using set_deferred().
  scene/gui/control.cpp:1440 - Nodes with non-equal opposite anchors will have their size overridden after _ready(). 
  If you want to set size, change the anchors or consider using set_deferred().
  scene/gui/control.cpp:1440 - Nodes with non-equal opposite anchors will have their size overridden after _ready(). 
  If you want to set size, change the anchors or consider using set_deferred().
  scene/gui/control.cpp:1440 - Nodes with non-equal opposite anchors will have their size overridden after _ready(). 
  If you want to set size, change the anchors or consider using set_deferred().
  scene/gui/control.cpp:1440 - Nodes with non-equal opposite anchors will have their size overridden after _ready(). 
  If you want to set size, change the anchors or consider using set_deferred().
  scene/gui/control.cpp:1440 - Nodes with non-equal opposite anchors will have their size overridden after _ready(). 
  If you want to set size, change the anchors or consider using set_deferred().
  scene/gui/control.cpp:1440 - Nodes with non-equal opposite anchors will have their size overridden after _ready(). 
  If you want to set size, change the anchors or consider using set_deferred().
  scene/gui/control.cpp:1440 - Nodes with non-equal opposite anchors will have their size overridden after _ready(). 
  If you want to set size, change the anchors or consider using set_deferred().
  scene/gui/control.cpp:1440 - Nodes with non-equal opposite anchors will have their size overridden after _ready(). 
  If you want to set size, change the anchors or consider using set_deferred().
  scene/gui/control.cpp:1440 - Nodes with non-equal opposite anchors will have their size overridden after _ready(). 
  If you want to set size, change the anchors or consider using set_deferred().
  scene/gui/control.cpp:1440 - Nodes with non-equal opposite anchors will have their size overridden after _ready(). 
  If you want to set size, change the anchors or consider using set_deferred().
  scene/gui/control.cpp:1440 - Nodes with non-equal opposite anchors will have their size overridden after _ready(). 
  If you want to set size, change the anchors or consider using set_deferred().
  scene/gui/control.cpp:1440 - Nodes with non-equal opposite anchors will have their size overridden after _ready(). 
  If you want to set size, change the anchors or consider using set_deferred().
Toggle Visible
  scene/gui/control.cpp:1440 - Nodes with non-equal opposite anchors will have their size overridden after _ready(). 
  If you want to set size, change the anchors or consider using set_deferred().
  scene/gui/control.cpp:1440 - Nodes with non-equal opposite anchors will have their size overridden after _ready(). 
  If you want to set size, change the anchors or consider using set_deferred().
  scene/gui/control.cpp:1440 - Nodes with non-equal opposite anchors will have their size overridden after _ready(). 
  If you want to set size, change the anchors or consider using set_deferred().
  scene/gui/control.cpp:1440 - Nodes with non-equal opposite anchors will have their size overridden after _ready(). 
  If you want to set size, change the anchors or consider using set_deferred().
  scene/gui/control.cpp:1440 - Nodes with non-equal opposite anchors will have their size overridden after _ready(). 
  If you want to set size, change the anchors or consider using set_deferred().
  scene/gui/control.cpp:1440 - Nodes with non-equal opposite anchors will have their size overridden after _ready(). 
  If you want to set size, change the anchors or consider using set_deferred().
  scene/gui/control.cpp:1440 - Nodes with non-equal opposite anchors will have their size overridden after _ready(). 
  If you want to set size, change the anchors or consider using set_deferred().
  scene/gui/control.cpp:1440 - Nodes with non-equal opposite anchors will have their size overridden after _ready(). 
  If you want to set size, change the anchors or consider using set_deferred().
  scene/gui/control.cpp:1440 - Nodes with non-equal opposite anchors will have their size overridden after _ready(). 
  If you want to set size, change the anchors or consider using set_deferred().
  scene/gui/control.cpp:1440 - Nodes with non-equal opposite anchors will have their size overridden after _ready(). 
  If you want to set size, change the anchors or consider using set_deferred().
  scene/gui/control.cpp:1440 - Nodes with non-equal opposite anchors will have their size overridden after _ready(). 
  If you want to set size, change the anchors or consider using set_deferred().
  scene/gui/control.cpp:1440 - Nodes with non-equal opposite anchors will have their size overridden after _ready(). 
  If you want to set size, change the anchors or consider using set_deferred().
  scene/gui/control.cpp:1440 - Nodes with non-equal opposite anchors will have their size overridden after _ready(). 
  If you want to set size, change the anchors or consider using set_deferred().
  scene/gui/control.cpp:1440 - Nodes with non-equal opposite anchors will have their size overridden after _ready(). 
  If you want to set size, change the anchors or consider using set_deferred().

2024-03-01T23:10:52:INFO: [step_commands: 30]
Godot Engine v4.2.stable.official.46dc27791 - https://godotengine.org
OpenGL API OpenGL ES 3.0.0 (ANGLE 2.1.21969 git hash: 9528449a8930) - Compatibility - Using Device: Google Inc. (Apple) - ANGLE (Apple, ANGLE Metal Renderer: Apple M1, Version 13.5.1 (Build 22G90))
 
--- Debugging process stopped ---

2024-03-01T23:10:53:INFO: [step_commands: 31]
Godot Engine v4.2.stable.official.46dc27791 - https://godotengine.org
OpenGL API OpenGL ES 3.0.0 (ANGLE 2.1.21969 git hash: 9528449a8930) - Compatibility - Using Device: Google Inc. (Apple) - ANGLE (Apple, ANGLE Metal Renderer: Apple M1, Version 13.5.1 (Build 22G90))
 
--- Debugging process stopped ---
  scene/gui/control.cpp:1440 - Nodes with non-equal opposite anchors will have their size overridden after _ready(). 
  If you want to set size, change the anchors or consider using set_deferred().

